2019-09-06 13:36:51 [INFO] - 47119946083
2019-09-06 13:36:51 [INFO] - 46666298441
2019-09-06 13:36:51 [INFO] - 46666271000
2019-09-06 13:36:51 [INFO] - 46102539615
2019-09-06 14:11:19 [INFO] - Id: 47119946083
2019-09-06 14:11:19 [INFO] - Type: sell-limit
2019-09-06 14:11:19 [INFO] - Status: submitted
2019-09-06 14:11:19 [INFO] - Amount: 1
2019-09-06 14:11:19 [INFO] - Price: 1
2019-09-06 14:11:19 [INFO] - Id: 46666298441
2019-09-06 14:11:19 [INFO] - Type: sell-limit
2019-09-06 14:11:19 [INFO] - Status: submitted
2019-09-06 14:11:19 [INFO] - Amount: 13912.1516
2019-09-06 14:11:19 [INFO] - Price: 0.0283
2019-09-06 14:11:19 [INFO] - Id: 46666271000
2019-09-06 14:11:19 [INFO] - Type: sell-limit
2019-09-06 14:11:19 [INFO] - Status: submitted
2019-09-06 14:11:19 [INFO] - Amount: 13613.2106
2019-09-06 14:11:19 [INFO] - Price: 0.028
2019-09-06 14:11:19 [INFO] - Id: 46102539615
2019-09-06 14:11:19 [INFO] - Type: sell-limit
2019-09-06 14:11:19 [INFO] - Status: submitted
2019-09-06 14:11:19 [INFO] - Amount: 5777.2718
2019-09-06 14:11:19 [INFO] - Price: 0.0285
2019-09-06 14:35:19 [INFO] - tradeId:10003780755247124372541
2019-09-06 14:35:19 [INFO] - amount:4359.42
2019-09-06 14:35:19 [INFO] - price0.00000207
2019-09-06 14:35:19 [INFO] - directionsell
2019-09-06 14:35:38 [INFO] - tradeId:10003780755247124372541
2019-09-06 14:35:38 [INFO] - amount:4359.42
2019-09-06 14:35:38 [INFO] - price0.00000207
2019-09-06 14:35:38 [INFO] - direction:sell
2019-09-06 14:39:05 [INFO] - tradeId:10003780755247124372541
2019-09-06 14:39:05 [INFO] - amount:4359.42
2019-09-06 14:39:05 [INFO] - price0.00000207
2019-09-06 14:39:05 [INFO] - direction:sell
2019-09-06 14:39:05 [INFO] - tradeId:10003780755247124372541
2019-09-06 14:39:05 [INFO] - amount:4359.42
2019-09-06 14:39:05 [INFO] - price0.00000207
2019-09-06 14:39:05 [INFO] - direction:sell
2019-09-06 14:39:05 [INFO] - tradeId:10003780755247124372541
2019-09-06 14:39:05 [INFO] - amount:4359.42
2019-09-06 14:39:05 [INFO] - price0.00000207
2019-09-06 14:39:05 [INFO] - direction:sell
2019-09-06 14:39:05 [INFO] - tradeId:10003780755247124372541
2019-09-06 14:39:05 [INFO] - amount:4359.42
2019-09-06 14:39:05 [INFO] - price0.00000207
2019-09-06 14:39:05 [INFO] - direction:sell
2019-09-06 14:39:05 [INFO] - tradeId:10003780755247124372541
2019-09-06 14:39:05 [INFO] - amount:4359.42
2019-09-06 14:39:05 [INFO] - price0.00000207
2019-09-06 14:39:05 [INFO] - direction:sell
2019-09-06 14:39:06 [INFO] - tradeId:10003780755247124372541
2019-09-06 14:39:06 [INFO] - amount:4359.42
2019-09-06 14:39:06 [INFO] - price0.00000207
2019-09-06 14:39:06 [INFO] - direction:sell
2019-09-06 14:40:03 [INFO] - tradeId:10003780838747125725328
2019-09-06 14:40:03 [INFO] - amount:121.91
2019-09-06 14:40:03 [INFO] - price0.0000021
2019-09-06 14:40:03 [INFO] - direction:sell
2019-09-06 14:40:04 [INFO] - tradeId:10003780838747125725328
2019-09-06 14:40:04 [INFO] - amount:121.91
2019-09-06 14:40:04 [INFO] - price0.0000021
2019-09-06 14:40:04 [INFO] - direction:sell
2019-09-06 14:40:04 [INFO] - tradeId:10003780838747125725328
2019-09-06 14:40:04 [INFO] - amount:121.91
2019-09-06 14:40:04 [INFO] - price0.0000021
2019-09-06 14:40:04 [INFO] - direction:sell
2019-09-06 14:40:05 [INFO] - tradeId:10003780838747125725328
2019-09-06 14:40:05 [INFO] - amount:121.91
2019-09-06 14:40:05 [INFO] - price0.0000021
2019-09-06 14:40:05 [INFO] - direction:sell
2019-09-06 14:40:05 [INFO] - tradeId:10003780838747125725328
2019-09-06 14:40:05 [INFO] - amount:121.91
2019-09-06 14:40:05 [INFO] - price0.0000021
2019-09-06 14:40:05 [INFO] - direction:sell
2019-09-06 14:40:05 [INFO] - tradeId:10003780838747125725328
2019-09-06 14:40:05 [INFO] - amount:121.91
2019-09-06 14:40:05 [INFO] - price0.0000021
2019-09-06 14:40:05 [INFO] - direction:sell
2019-09-06 14:40:06 [INFO] - tradeId:10003780838747125725328
2019-09-06 14:40:06 [INFO] - amount:121.91
2019-09-06 14:40:06 [INFO] - price0.0000021
2019-09-06 14:40:06 [INFO] - direction:sell
2019-09-06 14:40:06 [INFO] - tradeId:10003780838747125725328
2019-09-06 14:40:06 [INFO] - amount:121.91
2019-09-06 14:40:06 [INFO] - price0.0000021
2019-09-06 14:40:06 [INFO] - direction:sell
2019-09-06 14:40:07 [INFO] - tradeId:10003780838747125725328
2019-09-06 14:40:07 [INFO] - amount:121.91
2019-09-06 14:40:07 [INFO] - price0.0000021
2019-09-06 14:40:07 [INFO] - direction:sell
2019-09-06 14:40:08 [INFO] - tradeId:10003780838747125725328
2019-09-06 14:40:08 [INFO] - amount:121.91
2019-09-06 14:40:08 [INFO] - price0.0000021
2019-09-06 14:40:08 [INFO] - direction:sell
2019-09-06 14:40:08 [INFO] - tradeId:10003780838747125725328
2019-09-06 14:40:08 [INFO] - amount:121.91
2019-09-06 14:40:08 [INFO] - price0.0000021
2019-09-06 14:40:08 [INFO] - direction:sell
2019-09-06 14:40:08 [INFO] - tradeId:10003780838747125725328
2019-09-06 14:40:08 [INFO] - amount:121.91
2019-09-06 14:40:08 [INFO] - price0.0000021
2019-09-06 14:40:08 [INFO] - direction:sell
2019-09-06 14:40:09 [INFO] - tradeId:10003780838747125725328
2019-09-06 14:40:09 [INFO] - amount:121.91
2019-09-06 14:40:09 [INFO] - price0.0000021
2019-09-06 14:40:09 [INFO] - direction:sell
2019-09-06 14:40:09 [INFO] - tradeId:10003780838747125725328
2019-09-06 14:40:09 [INFO] - amount:121.91
2019-09-06 14:40:09 [INFO] - price0.0000021
2019-09-06 14:40:09 [INFO] - direction:sell
2019-09-06 14:41:11 [INFO] - tradeId:10003780845147125813912
2019-09-06 14:41:11 [INFO] - amount:127.37
2019-09-06 14:41:11 [INFO] - price0.0000021
2019-09-06 14:41:11 [INFO] - direction:sell
2019-09-06 14:41:11 [INFO] - tradeId:10003780845147125813912
2019-09-06 14:41:11 [INFO] - amount:127.37
2019-09-06 14:41:11 [INFO] - price0.0000021
2019-09-06 14:41:11 [INFO] - direction:sell
2019-09-06 14:41:11 [INFO] - tradeId:10003780845147125813912
2019-09-06 14:41:11 [INFO] - amount:127.37
2019-09-06 14:41:11 [INFO] - price0.0000021
2019-09-06 14:41:11 [INFO] - direction:sell
2019-09-06 14:43:59 [INFO] - tradeId:10008023004247126010554
2019-09-06 14:43:59 [INFO] - amount:8.5743
2019-09-06 14:43:59 [INFO] - price0.022441
2019-09-06 14:43:59 [INFO] - direction:buy
2019-09-06 14:43:59 [INFO] - tradeId:10003780854247126024388
2019-09-06 14:43:59 [INFO] - amount:64.3
2019-09-06 14:43:59 [INFO] - price0.0000021
2019-09-06 14:43:59 [INFO] - direction:buy
2019-09-06 14:44:00 [INFO] - tradeId:10232399722647126035140
2019-09-06 14:44:00 [INFO] - amount:0.2
2019-09-06 14:44:00 [INFO] - price10708
2019-09-06 14:44:00 [INFO] - direction:sell
2019-09-06 14:44:00 [INFO] - tradeId:10008023004247126010554
2019-09-06 14:44:00 [INFO] - amount:8.5743
2019-09-06 14:44:00 [INFO] - price0.022441
2019-09-06 14:44:00 [INFO] - direction:buy
2019-09-06 14:44:00 [INFO] - tradeId:10003780854247126024388
2019-09-06 14:44:00 [INFO] - amount:64.3
2019-09-06 14:44:00 [INFO] - price0.0000021
2019-09-06 14:44:00 [INFO] - direction:buy
2019-09-06 14:44:00 [INFO] - tradeId:10232399731347126014070
2019-09-06 14:44:00 [INFO] - amount:0.0005
2019-09-06 14:44:00 [INFO] - price10708.6
2019-09-06 14:44:00 [INFO] - direction:buy
2019-09-06 14:44:00 [INFO] - tradeId:10008023004247126010554
2019-09-06 14:44:00 [INFO] - amount:8.5743
2019-09-06 14:44:00 [INFO] - price0.022441
2019-09-06 14:44:00 [INFO] - direction:buy
2019-09-06 14:44:01 [INFO] - tradeId:10003780854247126024388
2019-09-06 14:44:01 [INFO] - amount:64.3
2019-09-06 14:44:01 [INFO] - price0.0000021
2019-09-06 14:44:01 [INFO] - direction:buy
2019-09-06 14:44:01 [INFO] - tradeId:10232399746547126037118
2019-09-06 14:44:01 [INFO] - amount:0.0016
2019-09-06 14:44:01 [INFO] - price10708.79
2019-09-06 14:44:01 [INFO] - direction:sell
2019-09-06 14:44:01 [INFO] - tradeId:10008023004247126010554
2019-09-06 14:44:01 [INFO] - amount:8.5743
2019-09-06 14:44:01 [INFO] - price0.022441
2019-09-06 14:44:01 [INFO] - direction:buy
2019-09-06 14:44:01 [INFO] - tradeId:10003780854247126024388
2019-09-06 14:44:01 [INFO] - amount:64.3
2019-09-06 14:44:01 [INFO] - price0.0000021
2019-09-06 14:44:01 [INFO] - direction:buy
2019-09-06 14:44:02 [INFO] - tradeId:10232399758647126038981
2019-09-06 14:44:02 [INFO] - amount:0.001868
2019-09-06 14:44:02 [INFO] - price10708.8
2019-09-06 14:44:02 [INFO] - direction:buy
2019-09-06 14:44:02 [INFO] - tradeId:10008023004647124760411
2019-09-06 14:44:02 [INFO] - amount:8.773
2019-09-06 14:44:02 [INFO] - price0.02244
2019-09-06 14:44:02 [INFO] - direction:sell
2019-09-06 14:44:02 [INFO] - tradeId:10003780854247126024388
2019-09-06 14:44:02 [INFO] - amount:64.3
2019-09-06 14:44:02 [INFO] - price0.0000021
2019-09-06 14:44:02 [INFO] - direction:buy
2019-09-06 14:44:02 [INFO] - tradeId:10232399758947126038981
2019-09-06 14:44:02 [INFO] - amount:0.000205
2019-09-06 14:44:02 [INFO] - price10708.8
2019-09-06 14:44:02 [INFO] - direction:buy
2019-09-06 14:44:03 [INFO] - tradeId:10008023004647124760411
2019-09-06 14:44:03 [INFO] - amount:8.773
2019-09-06 14:44:03 [INFO] - price0.02244
2019-09-06 14:44:03 [INFO] - direction:sell
2019-09-06 14:44:03 [INFO] - tradeId:10003780854247126024388
2019-09-06 14:44:03 [INFO] - amount:64.3
2019-09-06 14:44:03 [INFO] - price0.0000021
2019-09-06 14:44:03 [INFO] - direction:buy
2019-09-06 14:44:03 [INFO] - tradeId:10232399774947126038981
2019-09-06 14:44:03 [INFO] - amount:0.016006
2019-09-06 14:44:03 [INFO] - price10708.8
2019-09-06 14:44:03 [INFO] - direction:buy
2019-09-06 16:03:35 [INFO] - Id: 47132044988
2019-09-06 16:03:35 [INFO] - Type: sell-limit
2019-09-06 16:03:35 [INFO] - Status: submitted
2019-09-06 16:03:35 [INFO] - Amount: 1
2019-09-06 16:03:35 [INFO] - Price: 1
2019-09-06 16:03:35 [INFO] - =========== 
2019-09-06 16:03:35 [INFO] - Id: 46666298441
2019-09-06 16:03:35 [INFO] - Type: sell-limit
2019-09-06 16:03:35 [INFO] - Status: submitted
2019-09-06 16:03:35 [INFO] - Amount: 13912.1516
2019-09-06 16:03:35 [INFO] - Price: 0.0283
2019-09-06 16:03:35 [INFO] - =========== 
2019-09-06 16:03:35 [INFO] - Id: 46666271000
2019-09-06 16:03:35 [INFO] - Type: sell-limit
2019-09-06 16:03:35 [INFO] - Status: submitted
2019-09-06 16:03:35 [INFO] - Amount: 13613.2106
2019-09-06 16:03:35 [INFO] - Price: 0.028
2019-09-06 16:03:35 [INFO] - =========== 
2019-09-06 16:03:35 [INFO] - Id: 46102539615
2019-09-06 16:03:35 [INFO] - Type: sell-limit
2019-09-06 16:03:35 [INFO] - Status: submitted
2019-09-06 16:03:35 [INFO] - Amount: 5777.2718
2019-09-06 16:03:35 [INFO] - Price: 0.0285
2019-09-06 16:03:35 [INFO] - =========== 
